[30-May-2024 19:55:57 UTC] PHP Warning:  Undefined array key 0 in C:\Users\amank\Local Sites\coders-university\app\public\wp-includes\plugin.php on line 1001
[30-May-2024 19:55:57 UTC] PHP Warning:  Undefined array key 0 in C:\Users\amank\Local Sites\coders-university\app\public\wp-includes\plugin.php on line 1004
[30-May-2024 19:55:57 UTC] PHP Warning:  Undefined array key 0 in C:\Users\amank\Local Sites\coders-university\app\public\wp-includes\plugin.php on line 1001
[30-May-2024 19:55:57 UTC] PHP Warning:  Undefined array key 0 in C:\Users\amank\Local Sites\coders-university\app\public\wp-includes\plugin.php on line 1004
[30-May-2024 19:55:57 UTC] PHP Warning:  Undefined array key 0 in C:\Users\amank\Local Sites\coders-university\app\public\wp-includes\plugin.php on line 1001
[30-May-2024 19:55:57 UTC] PHP Warning:  Undefined array key 0 in C:\Users\amank\Local Sites\coders-university\app\public\wp-includes\plugin.php on line 1004
[30-May-2024 19:55:57 UTC] PHP Warning:  Undefined array key 0 in C:\Users\amank\Local Sites\coders-university\app\public\wp-includes\plugin.php on line 1001
[30-May-2024 19:55:57 UTC] PHP Warning:  Undefined array key 0 in C:\Users\amank\Local Sites\coders-university\app\public\wp-includes\plugin.php on line 1004
[30-May-2024 19:55:57 UTC] PHP Warning:  Undefined array key 0 in C:\Users\amank\Local Sites\coders-university\app\public\wp-includes\plugin.php on line 1001
[30-May-2024 19:55:57 UTC] PHP Warning:  Undefined array key 0 in C:\Users\amank\Local Sites\coders-university\app\public\wp-includes\plugin.php on line 1004
[30-May-2024 19:55:58 UTC] PHP Warning:  Undefined array key 0 in C:\Users\amank\Local Sites\coders-university\app\public\wp-includes\plugin.php on line 1001
[30-May-2024 19:55:58 UTC] PHP Warning:  Undefined array key 0 in C:\Users\amank\Local Sites\coders-university\app\public\wp-includes\plugin.php on line 1004
[30-May-2024 19:55:58 UTC] PHP Warning:  Undefined array key 0 in C:\Users\amank\Local Sites\coders-university\app\public\wp-includes\plugin.php on line 1001
[30-May-2024 19:55:58 UTC] PHP Warning:  Undefined array key 0 in C:\Users\amank\Local Sites\coders-university\app\public\wp-includes\plugin.php on line 1004
[30-May-2024 19:57:32 UTC] PHP Warning:  Undefined array key 0 in C:\Users\amank\Local Sites\coders-university\app\public\wp-includes\plugin.php on line 1001
[30-May-2024 19:57:32 UTC] PHP Warning:  Undefined array key 0 in C:\Users\amank\Local Sites\coders-university\app\public\wp-includes\plugin.php on line 1004
[30-May-2024 19:57:37 UTC] PHP Warning:  Undefined array key 0 in C:\Users\amank\Local Sites\coders-university\app\public\wp-includes\plugin.php on line 1001
[30-May-2024 19:57:37 UTC] PHP Warning:  Undefined array key 0 in C:\Users\amank\Local Sites\coders-university\app\public\wp-includes\plugin.php on line 1004
[30-May-2024 19:57:55 UTC] PHP Warning:  Undefined array key 0 in C:\Users\amank\Local Sites\coders-university\app\public\wp-includes\plugin.php on line 1001
[30-May-2024 19:57:55 UTC] PHP Warning:  Undefined array key 0 in C:\Users\amank\Local Sites\coders-university\app\public\wp-includes\plugin.php on line 1004
[30-May-2024 19:57:55 UTC] PHP Warning:  Undefined array key 0 in C:\Users\amank\Local Sites\coders-university\app\public\wp-includes\plugin.php on line 1001
[30-May-2024 19:57:55 UTC] PHP Warning:  Undefined array key 0 in C:\Users\amank\Local Sites\coders-university\app\public\wp-includes\plugin.php on line 1004
[30-May-2024 19:57:55 UTC] PHP Warning:  Undefined array key 0 in C:\Users\amank\Local Sites\coders-university\app\public\wp-includes\plugin.php on line 1001
[30-May-2024 19:57:55 UTC] PHP Warning:  Undefined array key 0 in C:\Users\amank\Local Sites\coders-university\app\public\wp-includes\plugin.php on line 1004
[30-May-2024 19:57:55 UTC] PHP Warning:  Undefined array key 0 in C:\Users\amank\Local Sites\coders-university\app\public\wp-includes\plugin.php on line 1001
[30-May-2024 19:57:55 UTC] PHP Warning:  Undefined array key 0 in C:\Users\amank\Local Sites\coders-university\app\public\wp-includes\plugin.php on line 1004
[30-May-2024 19:58:11 UTC] PHP Warning:  Undefined array key 0 in C:\Users\amank\Local Sites\coders-university\app\public\wp-includes\plugin.php on line 1001
[30-May-2024 19:58:11 UTC] PHP Warning:  Undefined array key 0 in C:\Users\amank\Local Sites\coders-university\app\public\wp-includes\plugin.php on line 1004
[30-May-2024 19:58:11 UTC] PHP Warning:  Undefined array key 0 in C:\Users\amank\Local Sites\coders-university\app\public\wp-includes\plugin.php on line 1001
[30-May-2024 19:58:11 UTC] PHP Warning:  Undefined array key 0 in C:\Users\amank\Local Sites\coders-university\app\public\wp-includes\plugin.php on line 1004
[30-May-2024 19:58:12 UTC] PHP Warning:  Undefined array key 0 in C:\Users\amank\Local Sites\coders-university\app\public\wp-includes\plugin.php on line 1001
[30-May-2024 19:58:12 UTC] PHP Warning:  Undefined array key 0 in C:\Users\amank\Local Sites\coders-university\app\public\wp-includes\plugin.php on line 1004
[30-May-2024 19:58:12 UTC] PHP Warning:  Undefined array key 0 in C:\Users\amank\Local Sites\coders-university\app\public\wp-includes\plugin.php on line 1001
[30-May-2024 19:58:12 UTC] PHP Warning:  Undefined array key 0 in C:\Users\amank\Local Sites\coders-university\app\public\wp-includes\plugin.php on line 1004
[30-May-2024 19:58:26 UTC] PHP Warning:  Undefined array key 0 in C:\Users\amank\Local Sites\coders-university\app\public\wp-includes\plugin.php on line 1001
[30-May-2024 19:58:26 UTC] PHP Warning:  Undefined array key 0 in C:\Users\amank\Local Sites\coders-university\app\public\wp-includes\plugin.php on line 1004
[30-May-2024 19:58:26 UTC] PHP Warning:  Undefined array key 0 in C:\Users\amank\Local Sites\coders-university\app\public\wp-includes\plugin.php on line 1001
[30-May-2024 19:58:26 UTC] PHP Warning:  Undefined array key 0 in C:\Users\amank\Local Sites\coders-university\app\public\wp-includes\plugin.php on line 1004
[30-May-2024 20:02:01 UTC] PHP Warning:  Undefined array key 0 in C:\Users\amank\Local Sites\coders-university\app\public\wp-includes\plugin.php on line 1001
[30-May-2024 20:02:01 UTC] PHP Warning:  Undefined array key 0 in C:\Users\amank\Local Sites\coders-university\app\public\wp-includes\plugin.php on line 1004
[30-May-2024 20:02:01 UTC] PHP Warning:  Undefined array key 0 in C:\Users\amank\Local Sites\coders-university\app\public\wp-includes\plugin.php on line 1001
[30-May-2024 20:02:01 UTC] PHP Warning:  Undefined array key 0 in C:\Users\amank\Local Sites\coders-university\app\public\wp-includes\plugin.php on line 1004
[30-May-2024 20:02:06 UTC] PHP Warning:  Undefined array key 0 in C:\Users\amank\Local Sites\coders-university\app\public\wp-includes\plugin.php on line 1001
[30-May-2024 20:02:06 UTC] PHP Warning:  Undefined array key 0 in C:\Users\amank\Local Sites\coders-university\app\public\wp-includes\plugin.php on line 1004
[30-May-2024 20:02:14 UTC] PHP Warning:  Undefined array key 0 in C:\Users\amank\Local Sites\coders-university\app\public\wp-includes\plugin.php on line 1001
[30-May-2024 20:02:14 UTC] PHP Warning:  Undefined array key 0 in C:\Users\amank\Local Sites\coders-university\app\public\wp-includes\plugin.php on line 1004
[30-May-2024 20:02:18 UTC] PHP Warning:  Undefined array key 0 in C:\Users\amank\Local Sites\coders-university\app\public\wp-includes\plugin.php on line 1001
[30-May-2024 20:02:18 UTC] PHP Warning:  Undefined array key 0 in C:\Users\amank\Local Sites\coders-university\app\public\wp-includes\plugin.php on line 1004
[30-May-2024 20:03:18 UTC] PHP Warning:  Undefined array key 0 in C:\Users\amank\Local Sites\coders-university\app\public\wp-includes\plugin.php on line 1001
[30-May-2024 20:03:18 UTC] PHP Warning:  Undefined array key 0 in C:\Users\amank\Local Sites\coders-university\app\public\wp-includes\plugin.php on line 1004
[30-May-2024 20:03:35 UTC] PHP Warning:  Undefined array key 0 in C:\Users\amank\Local Sites\coders-university\app\public\wp-includes\plugin.php on line 1001
[30-May-2024 20:03:35 UTC] PHP Warning:  Undefined array key 0 in C:\Users\amank\Local Sites\coders-university\app\public\wp-includes\plugin.php on line 1004
[30-May-2024 20:03:41 UTC] PHP Warning:  Undefined array key 0 in C:\Users\amank\Local Sites\coders-university\app\public\wp-includes\plugin.php on line 1001
[30-May-2024 20:03:41 UTC] PHP Warning:  Undefined array key 0 in C:\Users\amank\Local Sites\coders-university\app\public\wp-includes\plugin.php on line 1004
[30-May-2024 20:03:53 UTC] PHP Warning:  Undefined array key 0 in C:\Users\amank\Local Sites\coders-university\app\public\wp-includes\plugin.php on line 1001
[30-May-2024 20:03:53 UTC] PHP Warning:  Undefined array key 0 in C:\Users\amank\Local Sites\coders-university\app\public\wp-includes\plugin.php on line 1004
[30-May-2024 20:04:08 UTC] PHP Warning:  Undefined array key 0 in C:\Users\amank\Local Sites\coders-university\app\public\wp-includes\plugin.php on line 1001
[30-May-2024 20:04:08 UTC] PHP Warning:  Undefined array key 0 in C:\Users\amank\Local Sites\coders-university\app\public\wp-includes\plugin.php on line 1004
[30-May-2024 20:04:09 UTC] PHP Warning:  Undefined array key 0 in C:\Users\amank\Local Sites\coders-university\app\public\wp-includes\plugin.php on line 1001
[30-May-2024 20:04:09 UTC] PHP Warning:  Undefined array key 0 in C:\Users\amank\Local Sites\coders-university\app\public\wp-includes\plugin.php on line 1004
[30-May-2024 20:04:14 UTC] PHP Warning:  Undefined array key 0 in C:\Users\amank\Local Sites\coders-university\app\public\wp-includes\plugin.php on line 1001
[30-May-2024 20:04:14 UTC] PHP Warning:  Undefined array key 0 in C:\Users\amank\Local Sites\coders-university\app\public\wp-includes\plugin.php on line 1004
[30-May-2024 20:04:14 UTC] PHP Warning:  Undefined array key 0 in C:\Users\amank\Local Sites\coders-university\app\public\wp-includes\plugin.php on line 1001
[30-May-2024 20:04:14 UTC] PHP Warning:  Undefined array key 0 in C:\Users\amank\Local Sites\coders-university\app\public\wp-includes\plugin.php on line 1004
[30-May-2024 20:04:24 UTC] PHP Warning:  Undefined array key 0 in C:\Users\amank\Local Sites\coders-university\app\public\wp-includes\plugin.php on line 1001
[30-May-2024 20:04:24 UTC] PHP Warning:  Undefined array key 0 in C:\Users\amank\Local Sites\coders-university\app\public\wp-includes\plugin.php on line 1004
[30-May-2024 20:04:24 UTC] PHP Warning:  Undefined array key 0 in C:\Users\amank\Local Sites\coders-university\app\public\wp-includes\plugin.php on line 1001
[30-May-2024 20:04:24 UTC] PHP Warning:  Undefined array key 0 in C:\Users\amank\Local Sites\coders-university\app\public\wp-includes\plugin.php on line 1004
[30-May-2024 20:04:28 UTC] PHP Warning:  Undefined array key 0 in C:\Users\amank\Local Sites\coders-university\app\public\wp-includes\plugin.php on line 1001
[30-May-2024 20:04:28 UTC] PHP Warning:  Undefined array key 0 in C:\Users\amank\Local Sites\coders-university\app\public\wp-includes\plugin.php on line 1004
[30-May-2024 20:04:28 UTC] PHP Warning:  Undefined array key 0 in C:\Users\amank\Local Sites\coders-university\app\public\wp-includes\plugin.php on line 1001
[30-May-2024 20:04:28 UTC] PHP Warning:  Undefined array key 0 in C:\Users\amank\Local Sites\coders-university\app\public\wp-includes\plugin.php on line 1004
[30-May-2024 20:04:29 UTC] PHP Warning:  Undefined array key 0 in C:\Users\amank\Local Sites\coders-university\app\public\wp-includes\plugin.php on line 1001
[30-May-2024 20:04:29 UTC] PHP Warning:  Undefined array key 0 in C:\Users\amank\Local Sites\coders-university\app\public\wp-includes\plugin.php on line 1004
[30-May-2024 20:04:35 UTC] PHP Warning:  Undefined array key 0 in C:\Users\amank\Local Sites\coders-university\app\public\wp-includes\plugin.php on line 1001
[30-May-2024 20:04:35 UTC] PHP Warning:  Undefined array key 0 in C:\Users\amank\Local Sites\coders-university\app\public\wp-includes\plugin.php on line 1004
[30-May-2024 20:05:35 UTC] PHP Warning:  Undefined array key 0 in C:\Users\amank\Local Sites\coders-university\app\public\wp-includes\plugin.php on line 1001
[30-May-2024 20:05:36 UTC] PHP Warning:  Undefined array key 0 in C:\Users\amank\Local Sites\coders-university\app\public\wp-includes\plugin.php on line 1004
[30-May-2024 20:06:37 UTC] PHP Warning:  Undefined array key 0 in C:\Users\amank\Local Sites\coders-university\app\public\wp-includes\plugin.php on line 1001
[30-May-2024 20:06:37 UTC] PHP Warning:  Undefined array key 0 in C:\Users\amank\Local Sites\coders-university\app\public\wp-includes\plugin.php on line 1004
[30-May-2024 20:06:49 UTC] PHP Warning:  require_once(C:\Users\amank\Local Sites\coders-university\app\public\wp-includes\plugin.php): Failed to open stream: No such file or directory in C:\Users\amank\Local Sites\coders-university\app\public\wp-settings.php on line 50
[30-May-2024 20:06:49 UTC] PHP Fatal error:  Uncaught Error: Failed opening required 'C:\Users\amank\Local Sites\coders-university\app\public\wp-includes\plugin.php' (include_path='.:/usr/share/php:/www/wp-content/pear') in C:\Users\amank\Local Sites\coders-university\app\public\wp-settings.php:50
Stack trace:
#0 C:\Users\amank\Local Sites\coders-university\app\public\wp-config.php(103): require_once()
#1 C:\Users\amank\Local Sites\coders-university\app\public\wp-load.php(50): require_once('C:\\Users\\amank\\...')
#2 C:\Users\amank\Local Sites\coders-university\app\public\wp-admin\admin.php(34): require_once('C:\\Users\\amank\\...')
#3 C:\Users\amank\Local Sites\coders-university\app\public\wp-admin\plugins.php(10): require_once('C:\\Users\\amank\\...')
#4 {main}
  thrown in C:\Users\amank\Local Sites\coders-university\app\public\wp-settings.php on line 50
[30-May-2024 20:06:49 UTC] PHP Warning:  require_once(C:\Users\amank\Local Sites\coders-university\app\public/wp-includes/plugin.php): Failed to open stream: No such file or directory in C:\Users\amank\Local Sites\coders-university\app\public\wp-settings.php on line 50
[30-May-2024 20:06:49 UTC] PHP Fatal error:  Uncaught Error: Failed opening required 'C:\Users\amank\Local Sites\coders-university\app\public/wp-includes/plugin.php' (include_path='.:/usr/share/php:/www/wp-content/pear') in C:\Users\amank\Local Sites\coders-university\app\public\wp-settings.php:50
Stack trace:
#0 C:\Users\amank\Local Sites\coders-university\app\public\wp-config.php(103): require_once()
#1 C:\Users\amank\Local Sites\coders-university\app\public\wp-load.php(50): require_once('C:\\Users\\amank\\...')
#2 C:\Users\amank\Local Sites\coders-university\app\public\wp-blog-header.php(13): require_once('C:\\Users\\amank\\...')
#3 C:\Users\amank\Local Sites\coders-university\app\public\index.php(17): require('C:\\Users\\amank\\...')
#4 {main}
  thrown in C:\Users\amank\Local Sites\coders-university\app\public\wp-settings.php on line 50
[30-May-2024 20:06:51 UTC] PHP Warning:  require_once(C:\Users\amank\Local Sites\coders-university\app\public/wp-includes/plugin.php): Failed to open stream: No such file or directory in C:\Users\amank\Local Sites\coders-university\app\public\wp-settings.php on line 50
[30-May-2024 20:06:51 UTC] PHP Fatal error:  Uncaught Error: Failed opening required 'C:\Users\amank\Local Sites\coders-university\app\public/wp-includes/plugin.php' (include_path='.:/usr/share/php:/www/wp-content/pear') in C:\Users\amank\Local Sites\coders-university\app\public\wp-settings.php:50
Stack trace:
#0 C:\Users\amank\Local Sites\coders-university\app\public\wp-config.php(103): require_once()
#1 C:\Users\amank\Local Sites\coders-university\app\public\wp-load.php(50): require_once('C:\\Users\\amank\\...')
#2 C:\Users\amank\Local Sites\coders-university\app\public\wp-admin\admin.php(34): require_once('C:\\Users\\amank\\...')
#3 C:\Users\amank\Local Sites\coders-university\app\public\wp-admin\plugins.php(10): require_once('C:\\Users\\amank\\...')
#4 {main}
  thrown in C:\Users\amank\Local Sites\coders-university\app\public\wp-settings.php on line 50
[30-May-2024 20:06:51 UTC] PHP Warning:  require_once(C:\Users\amank\Local Sites\coders-university\app\public/wp-includes/plugin.php): Failed to open stream: No such file or directory in C:\Users\amank\Local Sites\coders-university\app\public\wp-settings.php on line 50
[30-May-2024 20:06:51 UTC] PHP Fatal error:  Uncaught Error: Failed opening required 'C:\Users\amank\Local Sites\coders-university\app\public/wp-includes/plugin.php' (include_path='.:/usr/share/php:/www/wp-content/pear') in C:\Users\amank\Local Sites\coders-university\app\public\wp-settings.php:50
Stack trace:
#0 C:\Users\amank\Local Sites\coders-university\app\public\wp-config.php(103): require_once()
#1 C:\Users\amank\Local Sites\coders-university\app\public\wp-load.php(50): require_once('C:\\Users\\amank\\...')
#2 C:\Users\amank\Local Sites\coders-university\app\public\wp-blog-header.php(13): require_once('C:\\Users\\amank\\...')
#3 C:\Users\amank\Local Sites\coders-university\app\public\index.php(17): require('C:\\Users\\amank\\...')
#4 {main}
  thrown in C:\Users\amank\Local Sites\coders-university\app\public\wp-settings.php on line 50
[30-May-2024 20:06:51 UTC] PHP Warning:  require_once(C:\Users\amank\Local Sites\coders-university\app\public/wp-includes/plugin.php): Failed to open stream: No such file or directory in C:\Users\amank\Local Sites\coders-university\app\public\wp-settings.php on line 50
[30-May-2024 20:06:51 UTC] PHP Fatal error:  Uncaught Error: Failed opening required 'C:\Users\amank\Local Sites\coders-university\app\public/wp-includes/plugin.php' (include_path='.:/usr/share/php:/www/wp-content/pear') in C:\Users\amank\Local Sites\coders-university\app\public\wp-settings.php:50
Stack trace:
#0 C:\Users\amank\Local Sites\coders-university\app\public\wp-config.php(103): require_once()
#1 C:\Users\amank\Local Sites\coders-university\app\public\wp-load.php(50): require_once('C:\\Users\\amank\\...')
#2 C:\Users\amank\Local Sites\coders-university\app\public\wp-admin\admin.php(34): require_once('C:\\Users\\amank\\...')
#3 C:\Users\amank\Local Sites\coders-university\app\public\wp-admin\plugins.php(10): require_once('C:\\Users\\amank\\...')
#4 {main}
  thrown in C:\Users\amank\Local Sites\coders-university\app\public\wp-settings.php on line 50
[30-May-2024 20:06:51 UTC] PHP Warning:  require_once(C:\Users\amank\Local Sites\coders-university\app\public/wp-includes/plugin.php): Failed to open stream: No such file or directory in C:\Users\amank\Local Sites\coders-university\app\public\wp-settings.php on line 50
[30-May-2024 20:06:51 UTC] PHP Fatal error:  Uncaught Error: Failed opening required 'C:\Users\amank\Local Sites\coders-university\app\public/wp-includes/plugin.php' (include_path='.:/usr/share/php:/www/wp-content/pear') in C:\Users\amank\Local Sites\coders-university\app\public\wp-settings.php:50
Stack trace:
#0 C:\Users\amank\Local Sites\coders-university\app\public\wp-config.php(103): require_once()
#1 C:\Users\amank\Local Sites\coders-university\app\public\wp-load.php(50): require_once('C:\\Users\\amank\\...')
#2 C:\Users\amank\Local Sites\coders-university\app\public\wp-blog-header.php(13): require_once('C:\\Users\\amank\\...')
#3 C:\Users\amank\Local Sites\coders-university\app\public\index.php(17): require('C:\\Users\\amank\\...')
#4 {main}
  thrown in C:\Users\amank\Local Sites\coders-university\app\public\wp-settings.php on line 50
[30-May-2024 20:06:52 UTC] PHP Warning:  require_once(C:\Users\amank\Local Sites\coders-university\app\public/wp-includes/plugin.php): Failed to open stream: No such file or directory in C:\Users\amank\Local Sites\coders-university\app\public\wp-settings.php on line 50
[30-May-2024 20:06:52 UTC] PHP Fatal error:  Uncaught Error: Failed opening required 'C:\Users\amank\Local Sites\coders-university\app\public/wp-includes/plugin.php' (include_path='.:/usr/share/php:/www/wp-content/pear') in C:\Users\amank\Local Sites\coders-university\app\public\wp-settings.php:50
Stack trace:
#0 C:\Users\amank\Local Sites\coders-university\app\public\wp-config.php(103): require_once()
#1 C:\Users\amank\Local Sites\coders-university\app\public\wp-load.php(50): require_once('C:\\Users\\amank\\...')
#2 C:\Users\amank\Local Sites\coders-university\app\public\wp-admin\admin.php(34): require_once('C:\\Users\\amank\\...')
#3 C:\Users\amank\Local Sites\coders-university\app\public\wp-admin\plugins.php(10): require_once('C:\\Users\\amank\\...')
#4 {main}
  thrown in C:\Users\amank\Local Sites\coders-university\app\public\wp-settings.php on line 50
[30-May-2024 20:06:52 UTC] PHP Warning:  require_once(C:\Users\amank\Local Sites\coders-university\app\public/wp-includes/plugin.php): Failed to open stream: No such file or directory in C:\Users\amank\Local Sites\coders-university\app\public\wp-settings.php on line 50
[30-May-2024 20:06:52 UTC] PHP Fatal error:  Uncaught Error: Failed opening required 'C:\Users\amank\Local Sites\coders-university\app\public/wp-includes/plugin.php' (include_path='.:/usr/share/php:/www/wp-content/pear') in C:\Users\amank\Local Sites\coders-university\app\public\wp-settings.php:50
Stack trace:
#0 C:\Users\amank\Local Sites\coders-university\app\public\wp-config.php(103): require_once()
#1 C:\Users\amank\Local Sites\coders-university\app\public\wp-load.php(50): require_once('C:\\Users\\amank\\...')
#2 C:\Users\amank\Local Sites\coders-university\app\public\wp-blog-header.php(13): require_once('C:\\Users\\amank\\...')
#3 C:\Users\amank\Local Sites\coders-university\app\public\index.php(17): require('C:\\Users\\amank\\...')
#4 {main}
  thrown in C:\Users\amank\Local Sites\coders-university\app\public\wp-settings.php on line 50
[30-May-2024 20:07:09 UTC] PHP Warning:  Undefined array key 0 in C:\Users\amank\Local Sites\coders-university\app\public\wp-includes\plugin.php on line 1001
[30-May-2024 20:07:09 UTC] PHP Warning:  Undefined array key 0 in C:\Users\amank\Local Sites\coders-university\app\public\wp-includes\plugin.php on line 1004
[30-May-2024 20:07:09 UTC] PHP Warning:  Undefined array key 0 in C:\Users\amank\Local Sites\coders-university\app\public\wp-includes\plugin.php on line 1001
[30-May-2024 20:07:09 UTC] PHP Warning:  Undefined array key 0 in C:\Users\amank\Local Sites\coders-university\app\public\wp-includes\plugin.php on line 1004
[30-May-2024 20:07:12 UTC] PHP Warning:  Undefined array key 0 in C:\Users\amank\Local Sites\coders-university\app\public\wp-includes\plugin.php on line 1001
[30-May-2024 20:07:12 UTC] PHP Warning:  Undefined array key 0 in C:\Users\amank\Local Sites\coders-university\app\public\wp-includes\plugin.php on line 1004
[30-May-2024 20:07:13 UTC] PHP Warning:  Undefined array key 0 in C:\Users\amank\Local Sites\coders-university\app\public\wp-includes\plugin.php on line 1001
[30-May-2024 20:07:13 UTC] PHP Warning:  Undefined array key 0 in C:\Users\amank\Local Sites\coders-university\app\public\wp-includes\plugin.php on line 1004
[30-May-2024 20:07:16 UTC] PHP Warning:  Undefined array key 0 in C:\Users\amank\Local Sites\coders-university\app\public\wp-includes\plugin.php on line 1001
[30-May-2024 20:07:16 UTC] PHP Warning:  Undefined array key 0 in C:\Users\amank\Local Sites\coders-university\app\public\wp-includes\plugin.php on line 1004
[30-May-2024 20:07:16 UTC] PHP Warning:  Undefined array key 0 in C:\Users\amank\Local Sites\coders-university\app\public\wp-includes\plugin.php on line 1001
[30-May-2024 20:07:16 UTC] PHP Warning:  Undefined array key 0 in C:\Users\amank\Local Sites\coders-university\app\public\wp-includes\plugin.php on line 1004
[30-May-2024 20:07:24 UTC] PHP Warning:  Undefined array key 0 in C:\Users\amank\Local Sites\coders-university\app\public\wp-includes\plugin.php on line 1001
[30-May-2024 20:07:24 UTC] PHP Warning:  Undefined array key 0 in C:\Users\amank\Local Sites\coders-university\app\public\wp-includes\plugin.php on line 1004
[30-May-2024 20:07:24 UTC] PHP Warning:  Undefined array key 0 in C:\Users\amank\Local Sites\coders-university\app\public\wp-includes\plugin.php on line 1001
[30-May-2024 20:07:24 UTC] PHP Warning:  Undefined array key 0 in C:\Users\amank\Local Sites\coders-university\app\public\wp-includes\plugin.php on line 1004
[30-May-2024 20:07:24 UTC] PHP Warning:  Undefined array key 0 in C:\Users\amank\Local Sites\coders-university\app\public\wp-includes\plugin.php on line 1001
[30-May-2024 20:07:24 UTC] PHP Warning:  Undefined array key 0 in C:\Users\amank\Local Sites\coders-university\app\public\wp-includes\plugin.php on line 1004
[30-May-2024 20:07:25 UTC] PHP Warning:  Undefined array key 0 in C:\Users\amank\Local Sites\coders-university\app\public\wp-includes\plugin.php on line 1001
[30-May-2024 20:07:25 UTC] PHP Warning:  Undefined array key 0 in C:\Users\amank\Local Sites\coders-university\app\public\wp-includes\plugin.php on line 1004
[30-May-2024 20:07:25 UTC] PHP Warning:  Undefined array key 0 in C:\Users\amank\Local Sites\coders-university\app\public\wp-includes\plugin.php on line 1001
[30-May-2024 20:07:25 UTC] PHP Warning:  Undefined array key 0 in C:\Users\amank\Local Sites\coders-university\app\public\wp-includes\plugin.php on line 1004
[30-May-2024 20:07:26 UTC] PHP Warning:  Undefined array key 0 in C:\Users\amank\Local Sites\coders-university\app\public\wp-includes\plugin.php on line 1001
[30-May-2024 20:07:26 UTC] PHP Warning:  Undefined array key 0 in C:\Users\amank\Local Sites\coders-university\app\public\wp-includes\plugin.php on line 1004
[30-May-2024 20:07:26 UTC] PHP Warning:  Undefined array key 0 in C:\Users\amank\Local Sites\coders-university\app\public\wp-includes\plugin.php on line 1001
[30-May-2024 20:07:26 UTC] PHP Warning:  Undefined array key 0 in C:\Users\amank\Local Sites\coders-university\app\public\wp-includes\plugin.php on line 1004
[30-May-2024 20:07:27 UTC] PHP Warning:  Undefined array key 0 in C:\Users\amank\Local Sites\coders-university\app\public\wp-includes\plugin.php on line 1001
[30-May-2024 20:07:27 UTC] PHP Warning:  Undefined array key 0 in C:\Users\amank\Local Sites\coders-university\app\public\wp-includes\plugin.php on line 1004
[30-May-2024 20:07:27 UTC] PHP Warning:  Undefined array key 0 in C:\Users\amank\Local Sites\coders-university\app\public\wp-includes\plugin.php on line 1001
[30-May-2024 20:07:27 UTC] PHP Warning:  Undefined array key 0 in C:\Users\amank\Local Sites\coders-university\app\public\wp-includes\plugin.php on line 1004
[30-May-2024 20:07:34 UTC] PHP Warning:  Undefined array key 0 in C:\Users\amank\Local Sites\coders-university\app\public\wp-includes\plugin.php on line 1001
[30-May-2024 20:07:34 UTC] PHP Warning:  Undefined array key 0 in C:\Users\amank\Local Sites\coders-university\app\public\wp-includes\plugin.php on line 1004
[30-May-2024 20:07:45 UTC] PHP Warning:  Undefined array key 0 in C:\Users\amank\Local Sites\coders-university\app\public\wp-includes\plugin.php on line 1001
[30-May-2024 20:07:45 UTC] PHP Warning:  Undefined array key 0 in C:\Users\amank\Local Sites\coders-university\app\public\wp-includes\plugin.php on line 1004
[30-May-2024 20:07:50 UTC] PHP Warning:  Undefined array key 0 in C:\Users\amank\Local Sites\coders-university\app\public\wp-includes\plugin.php on line 1001
[30-May-2024 20:07:50 UTC] PHP Warning:  Undefined array key 0 in C:\Users\amank\Local Sites\coders-university\app\public\wp-includes\plugin.php on line 1004
[30-May-2024 20:07:50 UTC] PHP Warning:  Undefined array key 0 in C:\Users\amank\Local Sites\coders-university\app\public\wp-includes\plugin.php on line 1001
[30-May-2024 20:07:50 UTC] PHP Warning:  Undefined array key 0 in C:\Users\amank\Local Sites\coders-university\app\public\wp-includes\plugin.php on line 1004
[30-May-2024 20:07:54 UTC] PHP Warning:  Undefined array key 0 in C:\Users\amank\Local Sites\coders-university\app\public\wp-includes\plugin.php on line 1001
[30-May-2024 20:07:54 UTC] PHP Warning:  Undefined array key 0 in C:\Users\amank\Local Sites\coders-university\app\public\wp-includes\plugin.php on line 1004
[30-May-2024 20:07:54 UTC] PHP Warning:  Undefined array key 0 in C:\Users\amank\Local Sites\coders-university\app\public\wp-includes\plugin.php on line 1001
[30-May-2024 20:07:54 UTC] PHP Warning:  Undefined array key 0 in C:\Users\amank\Local Sites\coders-university\app\public\wp-includes\plugin.php on line 1004
[30-May-2024 20:07:54 UTC] PHP Warning:  Undefined array key 0 in C:\Users\amank\Local Sites\coders-university\app\public\wp-includes\plugin.php on line 1001
[30-May-2024 20:07:54 UTC] PHP Warning:  Undefined array key 0 in C:\Users\amank\Local Sites\coders-university\app\public\wp-includes\plugin.php on line 1004
[30-May-2024 20:07:54 UTC] PHP Warning:  Undefined array key 0 in C:\Users\amank\Local Sites\coders-university\app\public\wp-includes\plugin.php on line 1001
[30-May-2024 20:07:54 UTC] PHP Warning:  Undefined array key 0 in C:\Users\amank\Local Sites\coders-university\app\public\wp-includes\plugin.php on line 1004
[30-May-2024 20:07:55 UTC] PHP Warning:  Undefined array key 0 in C:\Users\amank\Local Sites\coders-university\app\public\wp-includes\plugin.php on line 1001
[30-May-2024 20:07:55 UTC] PHP Warning:  Undefined array key 0 in C:\Users\amank\Local Sites\coders-university\app\public\wp-includes\plugin.php on line 1004
[30-May-2024 20:07:55 UTC] PHP Warning:  Undefined array key 0 in C:\Users\amank\Local Sites\coders-university\app\public\wp-includes\plugin.php on line 1001
[30-May-2024 20:07:55 UTC] PHP Warning:  Undefined array key 0 in C:\Users\amank\Local Sites\coders-university\app\public\wp-includes\plugin.php on line 1004
[30-May-2024 20:07:55 UTC] PHP Warning:  Undefined array key 0 in C:\Users\amank\Local Sites\coders-university\app\public\wp-includes\plugin.php on line 1001
[30-May-2024 20:07:55 UTC] PHP Warning:  Undefined array key 0 in C:\Users\amank\Local Sites\coders-university\app\public\wp-includes\plugin.php on line 1004
[30-May-2024 20:07:55 UTC] PHP Warning:  Undefined array key 0 in C:\Users\amank\Local Sites\coders-university\app\public\wp-includes\plugin.php on line 1001
[30-May-2024 20:07:55 UTC] PHP Warning:  Undefined array key 0 in C:\Users\amank\Local Sites\coders-university\app\public\wp-includes\plugin.php on line 1004
[30-May-2024 20:07:55 UTC] PHP Warning:  Undefined array key 0 in C:\Users\amank\Local Sites\coders-university\app\public\wp-includes\plugin.php on line 1001
[30-May-2024 20:07:55 UTC] PHP Warning:  Undefined array key 0 in C:\Users\amank\Local Sites\coders-university\app\public\wp-includes\plugin.php on line 1004
[30-May-2024 20:07:56 UTC] PHP Warning:  Undefined array key 0 in C:\Users\amank\Local Sites\coders-university\app\public\wp-includes\plugin.php on line 1001
[30-May-2024 20:07:56 UTC] PHP Warning:  Undefined array key 0 in C:\Users\amank\Local Sites\coders-university\app\public\wp-includes\plugin.php on line 1004
[30-May-2024 20:07:56 UTC] PHP Warning:  Undefined array key 0 in C:\Users\amank\Local Sites\coders-university\app\public\wp-includes\plugin.php on line 1001
[30-May-2024 20:07:56 UTC] PHP Warning:  Undefined array key 0 in C:\Users\amank\Local Sites\coders-university\app\public\wp-includes\plugin.php on line 1004
[30-May-2024 20:07:56 UTC] PHP Warning:  Undefined array key 0 in C:\Users\amank\Local Sites\coders-university\app\public\wp-includes\plugin.php on line 1001
[30-May-2024 20:07:56 UTC] PHP Warning:  Undefined array key 0 in C:\Users\amank\Local Sites\coders-university\app\public\wp-includes\plugin.php on line 1004
[30-May-2024 20:08:00 UTC] PHP Warning:  Undefined array key 0 in C:\Users\amank\Local Sites\coders-university\app\public\wp-includes\plugin.php on line 1001
[30-May-2024 20:08:00 UTC] PHP Warning:  Undefined array key 0 in C:\Users\amank\Local Sites\coders-university\app\public\wp-includes\plugin.php on line 1004
[30-May-2024 20:08:00 UTC] PHP Warning:  Undefined array key 0 in C:\Users\amank\Local Sites\coders-university\app\public\wp-includes\plugin.php on line 1001
[30-May-2024 20:08:00 UTC] PHP Warning:  Undefined array key 0 in C:\Users\amank\Local Sites\coders-university\app\public\wp-includes\plugin.php on line 1004
[30-May-2024 20:08:02 UTC] PHP Warning:  Undefined array key 0 in C:\Users\amank\Local Sites\coders-university\app\public\wp-includes\plugin.php on line 1001
[30-May-2024 20:08:02 UTC] PHP Warning:  Undefined array key 0 in C:\Users\amank\Local Sites\coders-university\app\public\wp-includes\plugin.php on line 1004
[30-May-2024 20:09:02 UTC] PHP Warning:  Undefined array key 0 in C:\Users\amank\Local Sites\coders-university\app\public\wp-includes\plugin.php on line 1001
[30-May-2024 20:09:02 UTC] PHP Warning:  Undefined array key 0 in C:\Users\amank\Local Sites\coders-university\app\public\wp-includes\plugin.php on line 1004
[30-May-2024 20:09:48 UTC] PHP Warning:  Undefined array key 0 in C:\Users\amank\Local Sites\coders-university\app\public\wp-includes\plugin.php on line 1001
[30-May-2024 20:09:48 UTC] PHP Warning:  Undefined array key 0 in C:\Users\amank\Local Sites\coders-university\app\public\wp-includes\plugin.php on line 1004
[30-May-2024 20:09:48 UTC] PHP Warning:  Undefined array key 0 in C:\Users\amank\Local Sites\coders-university\app\public\wp-includes\plugin.php on line 1001
[30-May-2024 20:09:48 UTC] PHP Warning:  Undefined array key 0 in C:\Users\amank\Local Sites\coders-university\app\public\wp-includes\plugin.php on line 1004
[30-May-2024 20:09:48 UTC] PHP Warning:  Undefined array key 0 in C:\Users\amank\Local Sites\coders-university\app\public\wp-includes\plugin.php on line 1001
[30-May-2024 20:09:48 UTC] PHP Warning:  Undefined array key 0 in C:\Users\amank\Local Sites\coders-university\app\public\wp-includes\plugin.php on line 1004
[30-May-2024 20:09:48 UTC] PHP Warning:  Undefined array key 0 in C:\Users\amank\Local Sites\coders-university\app\public\wp-includes\plugin.php on line 1001
[30-May-2024 20:09:48 UTC] PHP Warning:  Undefined array key 0 in C:\Users\amank\Local Sites\coders-university\app\public\wp-includes\plugin.php on line 1004
[30-May-2024 20:09:48 UTC] PHP Warning:  Undefined array key 0 in C:\Users\amank\Local Sites\coders-university\app\public\wp-includes\plugin.php on line 1001
[30-May-2024 20:09:48 UTC] PHP Warning:  Undefined array key 0 in C:\Users\amank\Local Sites\coders-university\app\public\wp-includes\plugin.php on line 1004
[30-May-2024 20:09:48 UTC] PHP Warning:  Undefined array key 0 in C:\Users\amank\Local Sites\coders-university\app\public\wp-includes\plugin.php on line 1001
[30-May-2024 20:09:48 UTC] PHP Warning:  Undefined array key 0 in C:\Users\amank\Local Sites\coders-university\app\public\wp-includes\plugin.php on line 1004
[30-May-2024 20:09:48 UTC] PHP Warning:  Undefined array key 0 in C:\Users\amank\Local Sites\coders-university\app\public\wp-includes\plugin.php on line 1001
[30-May-2024 20:09:48 UTC] PHP Warning:  Undefined array key 0 in C:\Users\amank\Local Sites\coders-university\app\public\wp-includes\plugin.php on line 1004
[30-May-2024 20:09:48 UTC] PHP Warning:  Undefined array key 0 in C:\Users\amank\Local Sites\coders-university\app\public\wp-includes\plugin.php on line 1001
[30-May-2024 20:09:48 UTC] PHP Warning:  Undefined array key 0 in C:\Users\amank\Local Sites\coders-university\app\public\wp-includes\plugin.php on line 1004
[30-May-2024 20:09:48 UTC] PHP Warning:  Undefined array key 0 in C:\Users\amank\Local Sites\coders-university\app\public\wp-includes\plugin.php on line 1001
[30-May-2024 20:09:48 UTC] PHP Warning:  Undefined array key 0 in C:\Users\amank\Local Sites\coders-university\app\public\wp-includes\plugin.php on line 1004
[30-May-2024 20:09:49 UTC] PHP Warning:  Undefined array key 0 in C:\Users\amank\Local Sites\coders-university\app\public\wp-includes\plugin.php on line 1001
[30-May-2024 20:09:49 UTC] PHP Warning:  Undefined array key 0 in C:\Users\amank\Local Sites\coders-university\app\public\wp-includes\plugin.php on line 1004
[30-May-2024 20:09:49 UTC] PHP Warning:  Undefined array key 0 in C:\Users\amank\Local Sites\coders-university\app\public\wp-includes\plugin.php on line 1001
[30-May-2024 20:09:49 UTC] PHP Warning:  Undefined array key 0 in C:\Users\amank\Local Sites\coders-university\app\public\wp-includes\plugin.php on line 1004
[30-May-2024 20:09:49 UTC] PHP Warning:  Undefined array key 0 in C:\Users\amank\Local Sites\coders-university\app\public\wp-includes\plugin.php on line 1001
[30-May-2024 20:09:49 UTC] PHP Warning:  Undefined array key 0 in C:\Users\amank\Local Sites\coders-university\app\public\wp-includes\plugin.php on line 1004
[30-May-2024 20:10:02 UTC] PHP Warning:  Undefined array key 0 in C:\Users\amank\Local Sites\coders-university\app\public\wp-includes\plugin.php on line 1001
[30-May-2024 20:10:02 UTC] PHP Warning:  Undefined array key 0 in C:\Users\amank\Local Sites\coders-university\app\public\wp-includes\plugin.php on line 1004
[30-May-2024 20:10:12 UTC] PHP Warning:  Undefined array key 0 in C:\Users\amank\Local Sites\coders-university\app\public\wp-includes\plugin.php on line 1001
[30-May-2024 20:10:12 UTC] PHP Warning:  Undefined array key 0 in C:\Users\amank\Local Sites\coders-university\app\public\wp-includes\plugin.php on line 1004
[30-May-2024 20:10:13 UTC] PHP Warning:  Undefined array key 0 in C:\Users\amank\Local Sites\coders-university\app\public\wp-includes\plugin.php on line 1001
[30-May-2024 20:10:13 UTC] PHP Warning:  Undefined array key 0 in C:\Users\amank\Local Sites\coders-university\app\public\wp-includes\plugin.php on line 1004
[30-May-2024 20:11:14 UTC] PHP Warning:  Undefined array key 0 in C:\Users\amank\Local Sites\coders-university\app\public\wp-includes\plugin.php on line 1001
[30-May-2024 20:11:14 UTC] PHP Warning:  Undefined array key 0 in C:\Users\amank\Local Sites\coders-university\app\public\wp-includes\plugin.php on line 1004
[30-May-2024 20:12:32 UTC] PHP Warning:  Undefined array key 0 in C:\Users\amank\Local Sites\coders-university\app\public\wp-includes\plugin.php on line 1001
[30-May-2024 20:12:32 UTC] PHP Warning:  Undefined array key 0 in C:\Users\amank\Local Sites\coders-university\app\public\wp-includes\plugin.php on line 1004
[30-May-2024 20:12:32 UTC] PHP Warning:  Undefined array key 0 in C:\Users\amank\Local Sites\coders-university\app\public\wp-includes\plugin.php on line 1001
[30-May-2024 20:12:32 UTC] PHP Warning:  Undefined array key 0 in C:\Users\amank\Local Sites\coders-university\app\public\wp-includes\plugin.php on line 1004
[30-May-2024 20:12:33 UTC] PHP Warning:  Undefined array key 0 in C:\Users\amank\Local Sites\coders-university\app\public\wp-includes\plugin.php on line 1001
[30-May-2024 20:12:33 UTC] PHP Warning:  Undefined array key 0 in C:\Users\amank\Local Sites\coders-university\app\public\wp-includes\plugin.php on line 1004
[30-May-2024 20:12:33 UTC] PHP Warning:  Undefined array key 0 in C:\Users\amank\Local Sites\coders-university\app\public\wp-includes\plugin.php on line 1001
[30-May-2024 20:12:33 UTC] PHP Warning:  Undefined array key 0 in C:\Users\amank\Local Sites\coders-university\app\public\wp-includes\plugin.php on line 1004
[30-May-2024 20:12:33 UTC] PHP Warning:  Undefined array key 0 in C:\Users\amank\Local Sites\coders-university\app\public\wp-includes\plugin.php on line 1001
[30-May-2024 20:12:33 UTC] PHP Warning:  Undefined array key 0 in C:\Users\amank\Local Sites\coders-university\app\public\wp-includes\plugin.php on line 1004
[30-May-2024 20:12:33 UTC] PHP Warning:  Undefined array key 0 in C:\Users\amank\Local Sites\coders-university\app\public\wp-includes\plugin.php on line 1001
[30-May-2024 20:12:33 UTC] PHP Warning:  Undefined array key 0 in C:\Users\amank\Local Sites\coders-university\app\public\wp-includes\plugin.php on line 1004
[30-May-2024 20:12:33 UTC] PHP Warning:  Undefined array key 0 in C:\Users\amank\Local Sites\coders-university\app\public\wp-includes\plugin.php on line 1001
[30-May-2024 20:12:33 UTC] PHP Warning:  Undefined array key 0 in C:\Users\amank\Local Sites\coders-university\app\public\wp-includes\plugin.php on line 1004
[30-May-2024 20:12:33 UTC] PHP Warning:  Undefined array key 0 in C:\Users\amank\Local Sites\coders-university\app\public\wp-includes\plugin.php on line 1001
[30-May-2024 20:12:33 UTC] PHP Warning:  Undefined array key 0 in C:\Users\amank\Local Sites\coders-university\app\public\wp-includes\plugin.php on line 1004
[30-May-2024 20:12:34 UTC] PHP Warning:  Undefined array key 0 in C:\Users\amank\Local Sites\coders-university\app\public\wp-includes\plugin.php on line 1001
[30-May-2024 20:12:34 UTC] PHP Warning:  Undefined array key 0 in C:\Users\amank\Local Sites\coders-university\app\public\wp-includes\plugin.php on line 1004
[30-May-2024 20:12:34 UTC] PHP Warning:  Undefined array key 0 in C:\Users\amank\Local Sites\coders-university\app\public\wp-includes\plugin.php on line 1001
[30-May-2024 20:12:34 UTC] PHP Warning:  Undefined array key 0 in C:\Users\amank\Local Sites\coders-university\app\public\wp-includes\plugin.php on line 1004
[30-May-2024 20:12:34 UTC] PHP Warning:  Undefined array key 0 in C:\Users\amank\Local Sites\coders-university\app\public\wp-includes\plugin.php on line 1001
[30-May-2024 20:12:34 UTC] PHP Warning:  Undefined array key 0 in C:\Users\amank\Local Sites\coders-university\app\public\wp-includes\plugin.php on line 1004
[30-May-2024 20:12:34 UTC] PHP Warning:  Undefined array key 0 in C:\Users\amank\Local Sites\coders-university\app\public\wp-includes\plugin.php on line 1001
[30-May-2024 20:12:34 UTC] PHP Warning:  Undefined array key 0 in C:\Users\amank\Local Sites\coders-university\app\public\wp-includes\plugin.php on line 1004
[30-May-2024 20:12:34 UTC] PHP Warning:  Undefined array key 0 in C:\Users\amank\Local Sites\coders-university\app\public\wp-includes\plugin.php on line 1001
[30-May-2024 20:12:34 UTC] PHP Warning:  Undefined array key 0 in C:\Users\amank\Local Sites\coders-university\app\public\wp-includes\plugin.php on line 1004
[30-May-2024 20:12:34 UTC] PHP Warning:  Undefined array key 0 in C:\Users\amank\Local Sites\coders-university\app\public\wp-includes\plugin.php on line 1001
[30-May-2024 20:12:34 UTC] PHP Warning:  Undefined array key 0 in C:\Users\amank\Local Sites\coders-university\app\public\wp-includes\plugin.php on line 1004
[30-May-2024 20:12:34 UTC] PHP Warning:  Undefined array key 0 in C:\Users\amank\Local Sites\coders-university\app\public\wp-includes\plugin.php on line 1001
[30-May-2024 20:12:34 UTC] PHP Warning:  Undefined array key 0 in C:\Users\amank\Local Sites\coders-university\app\public\wp-includes\plugin.php on line 1004
[30-May-2024 20:12:35 UTC] PHP Warning:  Undefined array key 0 in C:\Users\amank\Local Sites\coders-university\app\public\wp-includes\plugin.php on line 1001
[30-May-2024 20:12:35 UTC] PHP Warning:  Undefined array key 0 in C:\Users\amank\Local Sites\coders-university\app\public\wp-includes\plugin.php on line 1004
[30-May-2024 20:12:35 UTC] PHP Warning:  Undefined array key 0 in C:\Users\amank\Local Sites\coders-university\app\public\wp-includes\plugin.php on line 1001
[30-May-2024 20:12:35 UTC] PHP Warning:  Undefined array key 0 in C:\Users\amank\Local Sites\coders-university\app\public\wp-includes\plugin.php on line 1004
[30-May-2024 20:12:35 UTC] PHP Warning:  Undefined array key 0 in C:\Users\amank\Local Sites\coders-university\app\public\wp-includes\plugin.php on line 1001
[30-May-2024 20:12:35 UTC] PHP Warning:  Undefined array key 0 in C:\Users\amank\Local Sites\coders-university\app\public\wp-includes\plugin.php on line 1004
[30-May-2024 20:12:35 UTC] PHP Warning:  Undefined array key 0 in C:\Users\amank\Local Sites\coders-university\app\public\wp-includes\plugin.php on line 1001
[30-May-2024 20:12:35 UTC] PHP Warning:  Undefined array key 0 in C:\Users\amank\Local Sites\coders-university\app\public\wp-includes\plugin.php on line 1004
[30-May-2024 20:12:35 UTC] PHP Warning:  Undefined array key 0 in C:\Users\amank\Local Sites\coders-university\app\public\wp-includes\plugin.php on line 1001
[30-May-2024 20:12:35 UTC] PHP Warning:  Undefined array key 0 in C:\Users\amank\Local Sites\coders-university\app\public\wp-includes\plugin.php on line 1004
[30-May-2024 20:12:35 UTC] PHP Warning:  Undefined array key 0 in C:\Users\amank\Local Sites\coders-university\app\public\wp-includes\plugin.php on line 1001
[30-May-2024 20:12:35 UTC] PHP Warning:  Undefined array key 0 in C:\Users\amank\Local Sites\coders-university\app\public\wp-includes\plugin.php on line 1004
[30-May-2024 20:12:35 UTC] PHP Warning:  Undefined array key 0 in C:\Users\amank\Local Sites\coders-university\app\public\wp-includes\plugin.php on line 1001
[30-May-2024 20:12:35 UTC] PHP Warning:  Undefined array key 0 in C:\Users\amank\Local Sites\coders-university\app\public\wp-includes\plugin.php on line 1004
[30-May-2024 20:12:35 UTC] PHP Warning:  Undefined array key 0 in C:\Users\amank\Local Sites\coders-university\app\public\wp-includes\plugin.php on line 1001
[30-May-2024 20:12:35 UTC] PHP Warning:  Undefined array key 0 in C:\Users\amank\Local Sites\coders-university\app\public\wp-includes\plugin.php on line 1004
[30-May-2024 20:12:35 UTC] PHP Warning:  Undefined array key 0 in C:\Users\amank\Local Sites\coders-university\app\public\wp-includes\plugin.php on line 1001
[30-May-2024 20:12:35 UTC] PHP Warning:  Undefined array key 0 in C:\Users\amank\Local Sites\coders-university\app\public\wp-includes\plugin.php on line 1004
[30-May-2024 20:13:14 UTC] PHP Warning:  Undefined array key 0 in C:\Users\amank\Local Sites\coders-university\app\public\wp-includes\plugin.php on line 1001
[30-May-2024 20:13:14 UTC] PHP Warning:  Undefined array key 0 in C:\Users\amank\Local Sites\coders-university\app\public\wp-includes\plugin.php on line 1004
[30-May-2024 20:15:15 UTC] PHP Warning:  Undefined array key 0 in C:\Users\amank\Local Sites\coders-university\app\public\wp-includes\plugin.php on line 1001
[30-May-2024 20:15:15 UTC] PHP Warning:  Undefined array key 0 in C:\Users\amank\Local Sites\coders-university\app\public\wp-includes\plugin.php on line 1004
[30-May-2024 20:17:17 UTC] PHP Warning:  Undefined array key 0 in C:\Users\amank\Local Sites\coders-university\app\public\wp-includes\plugin.php on line 1001
[30-May-2024 20:17:17 UTC] PHP Warning:  Undefined array key 0 in C:\Users\amank\Local Sites\coders-university\app\public\wp-includes\plugin.php on line 1004
[30-May-2024 20:17:57 UTC] PHP Fatal error:  Cannot use [] for reading in C:\Users\amank\Local Sites\coders-university\app\public\wp-includes\plugin.php on line 1001
[30-May-2024 20:17:57 UTC] PHP Fatal error:  Cannot use [] for reading in C:\Users\amank\Local Sites\coders-university\app\public\wp-includes\plugin.php on line 1001
[30-May-2024 20:17:59 UTC] PHP Fatal error:  Cannot use [] for reading in C:\Users\amank\Local Sites\coders-university\app\public\wp-includes\plugin.php on line 1001
[30-May-2024 20:17:59 UTC] PHP Fatal error:  Cannot use [] for reading in C:\Users\amank\Local Sites\coders-university\app\public\wp-includes\plugin.php on line 1001
[30-May-2024 20:18:08 UTC] PHP Warning:  Undefined array key 0 in C:\Users\amank\Local Sites\coders-university\app\public\wp-includes\plugin.php on line 1001
[30-May-2024 20:18:08 UTC] PHP Warning:  Undefined array key 0 in C:\Users\amank\Local Sites\coders-university\app\public\wp-includes\plugin.php on line 1004
[30-May-2024 20:18:08 UTC] PHP Warning:  Undefined array key 0 in C:\Users\amank\Local Sites\coders-university\app\public\wp-includes\plugin.php on line 1001
[30-May-2024 20:18:08 UTC] PHP Warning:  Undefined array key 0 in C:\Users\amank\Local Sites\coders-university\app\public\wp-includes\plugin.php on line 1004
[30-May-2024 20:18:08 UTC] PHP Warning:  Undefined array key 0 in C:\Users\amank\Local Sites\coders-university\app\public\wp-includes\plugin.php on line 1001
[30-May-2024 20:18:08 UTC] PHP Warning:  Undefined array key 0 in C:\Users\amank\Local Sites\coders-university\app\public\wp-includes\plugin.php on line 1004
[30-May-2024 20:18:09 UTC] PHP Warning:  Undefined array key 0 in C:\Users\amank\Local Sites\coders-university\app\public\wp-includes\plugin.php on line 1001
[30-May-2024 20:18:09 UTC] PHP Warning:  Undefined array key 0 in C:\Users\amank\Local Sites\coders-university\app\public\wp-includes\plugin.php on line 1004
[30-May-2024 20:18:09 UTC] PHP Warning:  Undefined array key 0 in C:\Users\amank\Local Sites\coders-university\app\public\wp-includes\plugin.php on line 1001
[30-May-2024 20:18:09 UTC] PHP Warning:  Undefined array key 0 in C:\Users\amank\Local Sites\coders-university\app\public\wp-includes\plugin.php on line 1004
[30-May-2024 20:18:09 UTC] PHP Warning:  Undefined array key 0 in C:\Users\amank\Local Sites\coders-university\app\public\wp-includes\plugin.php on line 1001
[30-May-2024 20:18:09 UTC] PHP Warning:  Undefined array key 0 in C:\Users\amank\Local Sites\coders-university\app\public\wp-includes\plugin.php on line 1004
[30-May-2024 20:18:10 UTC] PHP Warning:  Undefined array key 0 in C:\Users\amank\Local Sites\coders-university\app\public\wp-includes\plugin.php on line 1001
[30-May-2024 20:18:10 UTC] PHP Warning:  Undefined array key 0 in C:\Users\amank\Local Sites\coders-university\app\public\wp-includes\plugin.php on line 1004
[30-May-2024 20:18:10 UTC] PHP Warning:  Undefined array key 0 in C:\Users\amank\Local Sites\coders-university\app\public\wp-includes\plugin.php on line 1001
[30-May-2024 20:18:10 UTC] PHP Warning:  Undefined array key 0 in C:\Users\amank\Local Sites\coders-university\app\public\wp-includes\plugin.php on line 1004
[30-May-2024 20:18:10 UTC] PHP Warning:  Undefined array key 0 in C:\Users\amank\Local Sites\coders-university\app\public\wp-includes\plugin.php on line 1001
[30-May-2024 20:18:10 UTC] PHP Warning:  Undefined array key 0 in C:\Users\amank\Local Sites\coders-university\app\public\wp-includes\plugin.php on line 1004
[30-May-2024 20:18:10 UTC] PHP Warning:  Undefined array key 0 in C:\Users\amank\Local Sites\coders-university\app\public\wp-includes\plugin.php on line 1001
[30-May-2024 20:18:10 UTC] PHP Warning:  Undefined array key 0 in C:\Users\amank\Local Sites\coders-university\app\public\wp-includes\plugin.php on line 1004
[30-May-2024 20:18:10 UTC] PHP Warning:  Undefined array key 0 in C:\Users\amank\Local Sites\coders-university\app\public\wp-includes\plugin.php on line 1001
[30-May-2024 20:18:10 UTC] PHP Warning:  Undefined array key 0 in C:\Users\amank\Local Sites\coders-university\app\public\wp-includes\plugin.php on line 1004
[30-May-2024 20:18:10 UTC] PHP Warning:  Undefined array key 0 in C:\Users\amank\Local Sites\coders-university\app\public\wp-includes\plugin.php on line 1001
[30-May-2024 20:18:10 UTC] PHP Warning:  Undefined array key 0 in C:\Users\amank\Local Sites\coders-university\app\public\wp-includes\plugin.php on line 1004
[30-May-2024 20:18:10 UTC] PHP Warning:  Undefined array key 0 in C:\Users\amank\Local Sites\coders-university\app\public\wp-includes\plugin.php on line 1001
[30-May-2024 20:18:10 UTC] PHP Warning:  Undefined array key 0 in C:\Users\amank\Local Sites\coders-university\app\public\wp-includes\plugin.php on line 1004
[30-May-2024 20:19:17 UTC] PHP Warning:  Undefined array key 0 in C:\Users\amank\Local Sites\coders-university\app\public\wp-includes\plugin.php on line 1001
[30-May-2024 20:19:17 UTC] PHP Warning:  Undefined array key 0 in C:\Users\amank\Local Sites\coders-university\app\public\wp-includes\plugin.php on line 1004
[30-May-2024 20:21:19 UTC] PHP Warning:  Undefined array key 0 in C:\Users\amank\Local Sites\coders-university\app\public\wp-includes\plugin.php on line 1001
[30-May-2024 20:21:19 UTC] PHP Warning:  Undefined array key 0 in C:\Users\amank\Local Sites\coders-university\app\public\wp-includes\plugin.php on line 1004
[30-May-2024 20:23:19 UTC] PHP Warning:  Undefined array key 0 in C:\Users\amank\Local Sites\coders-university\app\public\wp-includes\plugin.php on line 1001
[30-May-2024 20:23:19 UTC] PHP Warning:  Undefined array key 0 in C:\Users\amank\Local Sites\coders-university\app\public\wp-includes\plugin.php on line 1004
[30-May-2024 20:25:20 UTC] PHP Warning:  Undefined array key 0 in C:\Users\amank\Local Sites\coders-university\app\public\wp-includes\plugin.php on line 1001
[30-May-2024 20:25:20 UTC] PHP Warning:  Undefined array key 0 in C:\Users\amank\Local Sites\coders-university\app\public\wp-includes\plugin.php on line 1004
[30-May-2024 20:26:18 UTC] PHP Warning:  Undefined array key 0 in C:\Users\amank\Local Sites\coders-university\app\public\wp-includes\plugin.php on line 1001
[30-May-2024 20:26:18 UTC] PHP Warning:  Undefined array key 0 in C:\Users\amank\Local Sites\coders-university\app\public\wp-includes\plugin.php on line 1004
[30-May-2024 20:26:18 UTC] PHP Warning:  Undefined array key 0 in C:\Users\amank\Local Sites\coders-university\app\public\wp-includes\plugin.php on line 1001
[30-May-2024 20:26:18 UTC] PHP Warning:  Undefined array key 0 in C:\Users\amank\Local Sites\coders-university\app\public\wp-includes\plugin.php on line 1004
[30-May-2024 20:27:29 UTC] PHP Warning:  Undefined array key 0 in C:\Users\amank\Local Sites\coders-university\app\public\wp-includes\plugin.php on line 1001
[30-May-2024 20:27:29 UTC] PHP Warning:  Undefined array key 0 in C:\Users\amank\Local Sites\coders-university\app\public\wp-includes\plugin.php on line 1004
[30-May-2024 20:27:29 UTC] PHP Warning:  Undefined array key 0 in C:\Users\amank\Local Sites\coders-university\app\public\wp-includes\plugin.php on line 1001
[30-May-2024 20:27:29 UTC] PHP Warning:  Undefined array key 0 in C:\Users\amank\Local Sites\coders-university\app\public\wp-includes\plugin.php on line 1004
[30-May-2024 20:27:30 UTC] PHP Warning:  Undefined array key 0 in C:\Users\amank\Local Sites\coders-university\app\public\wp-includes\plugin.php on line 1001
[30-May-2024 20:27:30 UTC] PHP Warning:  Undefined array key 0 in C:\Users\amank\Local Sites\coders-university\app\public\wp-includes\plugin.php on line 1004
[30-May-2024 20:27:30 UTC] PHP Warning:  Undefined array key 0 in C:\Users\amank\Local Sites\coders-university\app\public\wp-includes\plugin.php on line 1001
[30-May-2024 20:27:30 UTC] PHP Warning:  Undefined array key 0 in C:\Users\amank\Local Sites\coders-university\app\public\wp-includes\plugin.php on line 1004
[30-May-2024 20:27:30 UTC] PHP Warning:  Undefined array key 0 in C:\Users\amank\Local Sites\coders-university\app\public\wp-includes\plugin.php on line 1001
[30-May-2024 20:27:30 UTC] PHP Warning:  Undefined array key 0 in C:\Users\amank\Local Sites\coders-university\app\public\wp-includes\plugin.php on line 1004
[30-May-2024 20:27:30 UTC] PHP Warning:  Undefined array key 0 in C:\Users\amank\Local Sites\coders-university\app\public\wp-includes\plugin.php on line 1001
[30-May-2024 20:27:30 UTC] PHP Warning:  Undefined array key 0 in C:\Users\amank\Local Sites\coders-university\app\public\wp-includes\plugin.php on line 1004
[30-May-2024 20:27:30 UTC] PHP Warning:  Undefined array key 0 in C:\Users\amank\Local Sites\coders-university\app\public\wp-includes\plugin.php on line 1001
[30-May-2024 20:27:30 UTC] PHP Warning:  Undefined array key 0 in C:\Users\amank\Local Sites\coders-university\app\public\wp-includes\plugin.php on line 1004
[30-May-2024 20:27:30 UTC] PHP Warning:  Undefined array key 0 in C:\Users\amank\Local Sites\coders-university\app\public\wp-includes\plugin.php on line 1001
[30-May-2024 20:27:30 UTC] PHP Warning:  Undefined array key 0 in C:\Users\amank\Local Sites\coders-university\app\public\wp-includes\plugin.php on line 1004
[30-May-2024 22:07:33 UTC] PHP Fatal error:  Uncaught Error: Undefined constant "images" in C:\Users\amank\Local Sites\coders-university\app\public\wp-content\themes\coder's-university-theme\page.php:5
Stack trace:
#0 C:\Users\amank\Local Sites\coders-university\app\public\wp-includes\template-loader.php(106): include()
#1 C:\Users\amank\Local Sites\coders-university\app\public\wp-blog-header.php(19): require_once('C:\\Users\\amank\\...')
#2 C:\Users\amank\Local Sites\coders-university\app\public\index.php(17): require('C:\\Users\\amank\\...')
#3 {main}
  thrown in C:\Users\amank\Local Sites\coders-university\app\public\wp-content\themes\coder's-university-theme\page.php on line 5
[30-May-2024 22:07:37 UTC] PHP Fatal error:  Uncaught Error: Undefined constant "images" in C:\Users\amank\Local Sites\coders-university\app\public\wp-content\themes\coder's-university-theme\page.php:5
Stack trace:
#0 C:\Users\amank\Local Sites\coders-university\app\public\wp-includes\template-loader.php(106): include()
#1 C:\Users\amank\Local Sites\coders-university\app\public\wp-blog-header.php(19): require_once('C:\\Users\\amank\\...')
#2 C:\Users\amank\Local Sites\coders-university\app\public\index.php(17): require('C:\\Users\\amank\\...')
#3 {main}
  thrown in C:\Users\amank\Local Sites\coders-university\app\public\wp-content\themes\coder's-university-theme\page.php on line 5
[30-May-2024 22:12:39 UTC] PHP Parse error:  syntax error, unexpected end of file in C:\Users\amank\Local Sites\coders-university\app\public\wp-content\themes\coder's-university-theme\functions.php on line 12
[30-May-2024 22:12:39 UTC] PHP Parse error:  syntax error, unexpected end of file in C:\Users\amank\Local Sites\coders-university\app\public\wp-content\themes\coder's-university-theme\functions.php on line 12
[30-May-2024 22:12:41 UTC] PHP Parse error:  syntax error, unexpected end of file in C:\Users\amank\Local Sites\coders-university\app\public\wp-content\themes\coder's-university-theme\functions.php on line 12
[30-May-2024 22:12:41 UTC] PHP Parse error:  syntax error, unexpected end of file in C:\Users\amank\Local Sites\coders-university\app\public\wp-content\themes\coder's-university-theme\functions.php on line 12
[30-May-2024 22:13:07 UTC] PHP Warning:  Undefined array key 0 in C:\Users\amank\Local Sites\coders-university\app\public\wp-includes\plugin.php on line 1001
[30-May-2024 22:13:07 UTC] PHP Warning:  Undefined array key 0 in C:\Users\amank\Local Sites\coders-university\app\public\wp-includes\plugin.php on line 1004
[30-May-2024 22:13:08 UTC] PHP Warning:  Undefined array key 0 in C:\Users\amank\Local Sites\coders-university\app\public\wp-includes\plugin.php on line 1001
[30-May-2024 22:13:08 UTC] PHP Warning:  Undefined array key 0 in C:\Users\amank\Local Sites\coders-university\app\public\wp-includes\plugin.php on line 1004
[30-May-2024 22:13:17 UTC] PHP Fatal error:  Uncaught Error: Undefined constant "wp_enqueue_scripts" in C:\Users\amank\Local Sites\coders-university\app\public\wp-content\themes\coder's-university-theme\functions.php:9
Stack trace:
#0 C:\Users\amank\Local Sites\coders-university\app\public\wp-settings.php(663): include()
#1 C:\Users\amank\Local Sites\coders-university\app\public\wp-config.php(103): require_once('C:\\Users\\amank\\...')
#2 C:\Users\amank\Local Sites\coders-university\app\public\wp-load.php(50): require_once('C:\\Users\\amank\\...')
#3 C:\Users\amank\Local Sites\coders-university\app\public\wp-blog-header.php(13): require_once('C:\\Users\\amank\\...')
#4 C:\Users\amank\Local Sites\coders-university\app\public\index.php(17): require('C:\\Users\\amank\\...')
#5 {main}
  thrown in C:\Users\amank\Local Sites\coders-university\app\public\wp-content\themes\coder's-university-theme\functions.php on line 9
[30-May-2024 22:13:17 UTC] PHP Fatal error:  Uncaught Error: Undefined constant "wp_enqueue_scripts" in C:\Users\amank\Local Sites\coders-university\app\public\wp-content\themes\coder's-university-theme\functions.php:9
Stack trace:
#0 C:\Users\amank\Local Sites\coders-university\app\public\wp-settings.php(663): include()
#1 C:\Users\amank\Local Sites\coders-university\app\public\wp-config.php(103): require_once('C:\\Users\\amank\\...')
#2 C:\Users\amank\Local Sites\coders-university\app\public\wp-load.php(50): require_once('C:\\Users\\amank\\...')
#3 C:\Users\amank\Local Sites\coders-university\app\public\wp-blog-header.php(13): require_once('C:\\Users\\amank\\...')
#4 C:\Users\amank\Local Sites\coders-university\app\public\index.php(17): require('C:\\Users\\amank\\...')
#5 {main}
  thrown in C:\Users\amank\Local Sites\coders-university\app\public\wp-content\themes\coder's-university-theme\functions.php on line 9
[30-May-2024 22:13:19 UTC] PHP Fatal error:  Uncaught Error: Undefined constant "wp_enqueue_scripts" in C:\Users\amank\Local Sites\coders-university\app\public\wp-content\themes\coder's-university-theme\functions.php:9
Stack trace:
#0 C:\Users\amank\Local Sites\coders-university\app\public\wp-settings.php(663): include()
#1 C:\Users\amank\Local Sites\coders-university\app\public\wp-config.php(103): require_once('C:\\Users\\amank\\...')
#2 C:\Users\amank\Local Sites\coders-university\app\public\wp-load.php(50): require_once('C:\\Users\\amank\\...')
#3 C:\Users\amank\Local Sites\coders-university\app\public\wp-blog-header.php(13): require_once('C:\\Users\\amank\\...')
#4 C:\Users\amank\Local Sites\coders-university\app\public\index.php(17): require('C:\\Users\\amank\\...')
#5 {main}
  thrown in C:\Users\amank\Local Sites\coders-university\app\public\wp-content\themes\coder's-university-theme\functions.php on line 9
[30-May-2024 22:13:19 UTC] PHP Fatal error:  Uncaught Error: Undefined constant "wp_enqueue_scripts" in C:\Users\amank\Local Sites\coders-university\app\public\wp-content\themes\coder's-university-theme\functions.php:9
Stack trace:
#0 C:\Users\amank\Local Sites\coders-university\app\public\wp-settings.php(663): include()
#1 C:\Users\amank\Local Sites\coders-university\app\public\wp-config.php(103): require_once('C:\\Users\\amank\\...')
#2 C:\Users\amank\Local Sites\coders-university\app\public\wp-load.php(50): require_once('C:\\Users\\amank\\...')
#3 C:\Users\amank\Local Sites\coders-university\app\public\wp-blog-header.php(13): require_once('C:\\Users\\amank\\...')
#4 C:\Users\amank\Local Sites\coders-university\app\public\index.php(17): require('C:\\Users\\amank\\...')
#5 {main}
  thrown in C:\Users\amank\Local Sites\coders-university\app\public\wp-content\themes\coder's-university-theme\functions.php on line 9
[30-May-2024 22:13:19 UTC] PHP Fatal error:  Uncaught Error: Undefined constant "wp_enqueue_scripts" in C:\Users\amank\Local Sites\coders-university\app\public\wp-content\themes\coder's-university-theme\functions.php:9
Stack trace:
#0 C:\Users\amank\Local Sites\coders-university\app\public\wp-settings.php(663): include()
#1 C:\Users\amank\Local Sites\coders-university\app\public\wp-config.php(103): require_once('C:\\Users\\amank\\...')
#2 C:\Users\amank\Local Sites\coders-university\app\public\wp-load.php(50): require_once('C:\\Users\\amank\\...')
#3 C:\Users\amank\Local Sites\coders-university\app\public\wp-blog-header.php(13): require_once('C:\\Users\\amank\\...')
#4 C:\Users\amank\Local Sites\coders-university\app\public\index.php(17): require('C:\\Users\\amank\\...')
#5 {main}
  thrown in C:\Users\amank\Local Sites\coders-university\app\public\wp-content\themes\coder's-university-theme\functions.php on line 9
[30-May-2024 22:13:19 UTC] PHP Fatal error:  Uncaught Error: Undefined constant "wp_enqueue_scripts" in C:\Users\amank\Local Sites\coders-university\app\public\wp-content\themes\coder's-university-theme\functions.php:9
Stack trace:
#0 C:\Users\amank\Local Sites\coders-university\app\public\wp-settings.php(663): include()
#1 C:\Users\amank\Local Sites\coders-university\app\public\wp-config.php(103): require_once('C:\\Users\\amank\\...')
#2 C:\Users\amank\Local Sites\coders-university\app\public\wp-load.php(50): require_once('C:\\Users\\amank\\...')
#3 C:\Users\amank\Local Sites\coders-university\app\public\wp-blog-header.php(13): require_once('C:\\Users\\amank\\...')
#4 C:\Users\amank\Local Sites\coders-university\app\public\index.php(17): require('C:\\Users\\amank\\...')
#5 {main}
  thrown in C:\Users\amank\Local Sites\coders-university\app\public\wp-content\themes\coder's-university-theme\functions.php on line 9
[03-Jun-2024 03:39:46 UTC] PHP Warning:  Undefined variable $theParent in C:\Users\amank\Local Sites\coders-university\app\public\wp-content\themes\coder's-university-theme\single.php on line 20
[03-Jun-2024 03:39:46 UTC] PHP Warning:  Undefined variable $theParent in C:\Users\amank\Local Sites\coders-university\app\public\wp-content\themes\coder's-university-theme\single.php on line 22
[03-Jun-2024 03:40:27 UTC] PHP Warning:  Undefined variable $theParent in C:\Users\amank\Local Sites\coders-university\app\public\wp-content\themes\coder's-university-theme\single.php on line 20
[03-Jun-2024 03:40:51 UTC] PHP Warning:  Undefined variable $theParent in C:\Users\amank\Local Sites\coders-university\app\public\wp-content\themes\coder's-university-theme\single.php on line 20
[04-Jun-2024 14:51:20 UTC] PHP Parse error:  syntax error, unexpected end of file in C:\Users\amank\Local Sites\coders-university\app\public\wp-content\themes\coder's-university-theme\functions.php on line 20
[04-Jun-2024 14:51:20 UTC] PHP Warning:  Trying to access array offset on value of type bool in C:\Users\amank\Local Sites\coders-university\app\public\wp-includes\class-wp-recovery-mode-email-service.php on line 367
[04-Jun-2024 14:51:20 UTC] PHP Warning:  Trying to access array offset on value of type bool in C:\Users\amank\Local Sites\coders-university\app\public\wp-includes\class-wp-recovery-mode-email-service.php on line 368
[04-Jun-2024 14:57:23 UTC] PHP Parse error:  syntax error, unexpected token ";", expecting ")" in C:\Users\amank\Local Sites\coders-university\app\public\wp-content\themes\coder's-university-theme\functions.php on line 20
